<?xml version="1.0"?>

<root available-locales="en_US" default-locale="en_US" version="1.0">
	<dynamic-element index-type="keyword" instance-id="e54h1Ge1" name="Text05643854" type="text">
		<dynamic-content language-id="en_US"><![CDATA[text one]]></dynamic-content>
	</dynamic-element>
</root>