<?xml version="1.0"?>

<root available-locales="en_US" default-locale="en_US" version="1.0">
	<dynamic-element index-type="" instance-id="N662vcud" name="Text11FieldSet">
		<dynamic-element index-type="keyword" instance-id="2588uKQV" name="Text11" type="text">
			<dynamic-content language-id="en_US"><![CDATA[Text 1.1]]></dynamic-content>
		</dynamic-element>
		<dynamic-element index-type="keyword" instance-id="KeYgdY9a" name="Text12" type="text">
			<dynamic-content language-id="en_US"><![CDATA[Text 1.2]]></dynamic-content>
		</dynamic-element>
	</dynamic-element>
	<dynamic-element index-type="" instance-id="cef5otl0" name="Text21FieldSet">
		<dynamic-element index-type="keyword" instance-id="jas67j0a" name="Text21" type="text">
			<dynamic-content language-id="en_US"><![CDATA[Text 2.1]]></dynamic-content>
		</dynamic-element>
		<dynamic-element index-type="keyword" instance-id="1kbspfby" name="Text22" type="text">
			<dynamic-content language-id="en_US"><![CDATA[Text 2.2]]></dynamic-content>
		</dynamic-element>
	</dynamic-element>
	<dynamic-element index-type="" instance-id="eoihs3b3" name="Text31FieldSet">
		<dynamic-element index-type="keyword" instance-id="2lelmvm1" name="Text31" type="text">
			<dynamic-content language-id="en_US"><![CDATA[Text 3.1]]></dynamic-content>
		</dynamic-element>
		<dynamic-element index-type="keyword" instance-id="px4744sl" name="Text32" type="text">
			<dynamic-content language-id="en_US"><![CDATA[Text 3.2]]></dynamic-content>
		</dynamic-element>
	</dynamic-element>
</root>