<?xml version="1.0"?>

<root available-locales="en_US" default-locale="en_US" version="1.0">
	<dynamic-element index-type="" instance-id="qNkjFbKk" name="Text1FieldSet">
		<dynamic-element index-type="keyword" instance-id="Qovow7qI" name="Text1" type="text">
			<dynamic-content language-id="en_US"><![CDATA[Text 1]]></dynamic-content>
		</dynamic-element>
		<dynamic-element index-type="" instance-id="9PTmJuJi" name="Text2FieldSet">
			<dynamic-element index-type="keyword" instance-id="KUtEj4Qd" name="Text2" type="text">
				<dynamic-content language-id="en_US"><![CDATA[Text 2]]></dynamic-content>
			</dynamic-element>
			<dynamic-element index-type="keyword" instance-id="Wru8E00T" name="Text3" type="text">
				<dynamic-content language-id="en_US"><![CDATA[Text 3]]></dynamic-content>
			</dynamic-element>
			<dynamic-element index-type="keyword" instance-id="faaAF21F" name="Text4" type="text">
				<dynamic-content language-id="en_US"><![CDATA[Text 4]]></dynamic-content>
			</dynamic-element>
		</dynamic-element>
	</dynamic-element>
</root>