<?xml version="1.0"?>

<root available-locales="en_US" default-locale="en_US">
	<dynamic-element index-type="keyword" instance-id="cefmrppb" name="Text1" type="text">
		<dynamic-element index-type="keyword" instance-id="mleploim" name="Text2" type="text">
			<dynamic-content language-id="en_US"><![CDATA[Text 2]]></dynamic-content>
		</dynamic-element>
		<dynamic-content language-id="en_US"><![CDATA[Text 1]]></dynamic-content>
	</dynamic-element>
</root>