<?xml version="1.0"?>

<root available-locales="en_US" default-locale="en_US" version="1.0">
	<dynamic-element index-type="keyword" instance-id="ngkuwrmn" name="Text23i4" type="text">
		<dynamic-content language-id="en_US"><![CDATA[Text 1]]></dynamic-content>
	</dynamic-element>
	<dynamic-element index-type="keyword" instance-id="yxxxshhf" name="Textlmzq" type="text">
		<dynamic-content language-id="en_US"><![CDATA[Text 2]]></dynamic-content>
	</dynamic-element>
</root>